2025-01-01 01:18:31+0000 [INFO] - Process started.
2025-01-01 01:18:31+0000 [INFO] - API credentials refreshed.
2025-01-01 01:18:31+0000 [INFO] - YouTube service created successfully.
2025-01-01 01:19:20+0000 [INFO] - No livestream added or removed.
2025-01-01 01:19:23+0000 [INFO] - Livestreams playlist sorted.
2025-01-01 01:19:53+0000 [INFO] - No video added or removed.
2025-01-01 01:19:54+0000 [INFO] - Repository Secret 'CREDS_B64' updated successfully.
2025-01-01 01:19:54+0000 [INFO] - Process ended.
2025-01-01 12:30:18+0000 [INFO] - Process started.
2025-01-01 12:30:18+0000 [INFO] - API credentials refreshed.
2025-01-01 12:30:18+0000 [INFO] - YouTube service created successfully.
2025-01-01 12:31:08+0000 [INFO] - No livestream added or removed.
2025-01-01 12:31:11+0000 [INFO] - Livestreams playlist sorted.
2025-01-01 12:31:49+0000 [INFO] - 2 new video(s) added.
2025-01-01 12:31:50+0000 [INFO] - Repository Secret 'CREDS_B64' updated successfully.
2025-01-01 12:31:50+0000 [INFO] - Process ended.
2025-01-01 14:14:14+0000 [INFO] - Process started.
2025-01-01 14:14:14+0000 [INFO] - API credentials refreshed.
2025-01-01 14:14:14+0000 [INFO] - YouTube service created successfully.
2025-01-01 14:15:06+0000 [INFO] - No livestream added or removed.
2025-01-01 14:15:08+0000 [INFO] - Livestreams playlist sorted.
2025-01-01 14:16:01+0000 [INFO] - No video added or removed.
2025-01-01 14:16:03+0000 [INFO] - Repository Secret 'CREDS_B64' updated successfully.
2025-01-01 14:16:03+0000 [INFO] - Process ended.
2025-01-01 16:18:38+0000 [INFO] - Process started.
2025-01-01 16:18:38+0000 [INFO] - API credentials refreshed.
2025-01-01 16:18:38+0000 [INFO] - YouTube service created successfully.
2025-01-01 16:19:29+0000 [INFO] - No livestream added or removed.
2025-01-01 16:19:32+0000 [INFO] - Livestreams playlist sorted.
2025-01-01 16:20:22+0000 [INFO] - 1 video(s) removed.
2025-01-01 16:20:23+0000 [INFO] - Repository Secret 'CREDS_B64' updated successfully.
2025-01-01 16:20:23+0000 [INFO] - Process ended.
2025-01-01 18:20:27+0000 [INFO] - Process started.
2025-01-01 18:20:27+0000 [INFO] - API credentials refreshed.
2025-01-01 18:20:27+0000 [INFO] - YouTube service created successfully.
2025-01-01 18:21:18+0000 [INFO] - No livestream added or removed.
2025-01-01 18:21:22+0000 [INFO] - Livestreams playlist sorted.
2025-01-01 18:22:06+0000 [INFO] - 1 new video(s) added.
2025-01-01 18:22:07+0000 [INFO] - Repository Secret 'CREDS_B64' updated successfully.
2025-01-01 18:22:07+0000 [INFO] - Process ended.
2025-01-01 20:16:25+0000 [INFO] - Process started.
2025-01-01 20:16:25+0000 [INFO] - API credentials refreshed.
2025-01-01 20:16:25+0000 [INFO] - YouTube service created successfully.
2025-01-01 20:17:17+0000 [INFO] - No livestream added or removed.
2025-01-01 20:17:20+0000 [INFO] - Livestreams playlist sorted.
2025-01-01 20:17:55+0000 [INFO] - No video added or removed.
2025-01-01 20:17:56+0000 [INFO] - Repository Secret 'CREDS_B64' updated successfully.
2025-01-01 20:17:56+0000 [INFO] - Process ended.
2025-01-01 22:14:18+0000 [INFO] - Process started.
2025-01-01 22:14:18+0000 [INFO] - API credentials refreshed.
2025-01-01 22:14:18+0000 [INFO] - YouTube service created successfully.
2025-01-01 22:15:09+0000 [INFO] - 1 new livestream(s) added.
2025-01-01 22:15:13+0000 [INFO] - Livestreams playlist sorted.
2025-01-01 22:15:48+0000 [INFO] - No video added or removed.
2025-01-01 22:15:49+0000 [INFO] - Repository Secret 'CREDS_B64' updated successfully.
2025-01-01 22:15:49+0000 [INFO] - Process ended.
2025-01-02 01:35:34+0000 [INFO] - Process started.
2025-01-02 01:35:34+0000 [INFO] - API credentials refreshed.
2025-01-02 01:35:34+0000 [INFO] - YouTube service created successfully.
2025-01-02 01:36:26+0000 [INFO] - 1 livestream(s) removed.
2025-01-02 01:36:27+0000 [INFO] - Livestreams playlist sorted.
2025-01-02 01:37:01+0000 [INFO] - No video added or removed.
2025-01-02 01:37:02+0000 [INFO] - Repository Secret 'CREDS_B64' updated successfully.
2025-01-02 01:37:02+0000 [INFO] - Process ended.
2025-01-02 12:38:37+0000 [INFO] - Process started.
2025-01-02 12:38:37+0000 [INFO] - API credentials refreshed.
2025-01-02 12:38:37+0000 [INFO] - YouTube service created successfully.
2025-01-02 12:39:27+0000 [INFO] - No livestream added or removed.
2025-01-02 12:39:31+0000 [INFO] - Livestreams playlist sorted.
2025-01-02 12:40:06+0000 [INFO] - 1 new video(s) added.
2025-01-02 12:40:06+0000 [INFO] - 1 video(s) removed.
2025-01-02 12:40:07+0000 [INFO] - Repository Secret 'CREDS_B64' updated successfully.
2025-01-02 12:40:07+0000 [INFO] - Process ended.
2025-01-02 14:17:50+0000 [INFO] - Process started.
2025-01-02 14:17:50+0000 [INFO] - API credentials refreshed.
2025-01-02 14:17:50+0000 [INFO] - YouTube service created successfully.
2025-01-02 14:18:41+0000 [INFO] - No livestream added or removed.
2025-01-02 14:18:44+0000 [INFO] - Livestreams playlist sorted.
2025-01-02 14:19:19+0000 [INFO] - No video added or removed.
2025-01-02 14:19:20+0000 [INFO] - Repository Secret 'CREDS_B64' updated successfully.
2025-01-02 14:19:20+0000 [INFO] - Process ended.
2025-01-02 16:24:56+0000 [INFO] - Process started.
2025-01-02 16:24:56+0000 [INFO] - API credentials refreshed.
2025-01-02 16:24:56+0000 [INFO] - YouTube service created successfully.
2025-01-02 16:25:55+0000 [INFO] - No livestream added or removed.
2025-01-02 16:26:01+0000 [INFO] - Livestreams playlist sorted.
2025-01-02 16:26:52+0000 [INFO] - 1 video(s) removed.
2025-01-02 16:26:54+0000 [INFO] - Repository Secret 'CREDS_B64' updated successfully.
2025-01-02 16:26:54+0000 [INFO] - Process ended.
2025-01-02 18:27:18+0000 [INFO] - Process started.
2025-01-02 18:27:18+0000 [INFO] - API credentials refreshed.
2025-01-02 18:27:18+0000 [INFO] - YouTube service created successfully.
2025-01-02 18:28:09+0000 [INFO] - No livestream added or removed.
2025-01-02 18:28:10+0000 [INFO] - Livestreams playlist sorted.
2025-01-02 18:29:01+0000 [INFO] - 1 new video(s) added.
2025-01-02 18:29:02+0000 [INFO] - Repository Secret 'CREDS_B64' updated successfully.
2025-01-02 18:29:02+0000 [INFO] - Process ended.
2025-01-02 20:20:52+0000 [INFO] - Process started.
2025-01-02 20:20:52+0000 [INFO] - API credentials refreshed.
2025-01-02 20:20:52+0000 [INFO] - YouTube service created successfully.
2025-01-02 20:21:45+0000 [INFO] - 2 new livestream(s) added.
2025-01-02 20:21:56+0000 [INFO] - Livestreams playlist sorted.
2025-01-02 20:22:44+0000 [INFO] - No video added or removed.
2025-01-02 20:22:45+0000 [INFO] - Repository Secret 'CREDS_B64' updated successfully.
2025-01-02 20:22:45+0000 [INFO] - Process ended.
2025-01-02 22:18:21+0000 [INFO] - Process started.
2025-01-02 22:18:21+0000 [INFO] - API credentials refreshed.
2025-01-02 22:18:21+0000 [INFO] - YouTube service created successfully.
2025-01-02 22:19:13+0000 [INFO] - 2 livestream(s) removed.
2025-01-02 22:19:14+0000 [INFO] - Livestreams playlist sorted.
2025-01-02 22:19:47+0000 [INFO] - 1 new video(s) added.
2025-01-02 22:19:47+0000 [INFO] - 2 video(s) removed.
2025-01-02 22:19:48+0000 [INFO] - Repository Secret 'CREDS_B64' updated successfully.
2025-01-02 22:19:48+0000 [INFO] - Process ended.
2025-01-03 00:49:43+0000 [INFO] - Process started.
2025-01-03 00:49:43+0000 [INFO] - API credentials refreshed.
2025-01-03 00:49:43+0000 [INFO] - YouTube service created successfully.
2025-01-03 00:50:34+0000 [INFO] - No livestream added or removed.
2025-01-03 00:50:36+0000 [INFO] - Livestreams playlist sorted.
2025-01-03 00:51:07+0000 [INFO] - 2 new video(s) added.
2025-01-03 00:51:08+0000 [INFO] - Repository Secret 'CREDS_B64' updated successfully.
2025-01-03 00:51:08+0000 [INFO] - Process ended.
2025-01-03 12:19:23+0000 [INFO] - Process started.
2025-01-03 12:19:23+0000 [INFO] - API credentials refreshed.
2025-01-03 12:19:23+0000 [INFO] - YouTube service created successfully.
2025-01-03 12:20:15+0000 [INFO] - No livestream added or removed.
2025-01-03 12:20:20+0000 [INFO] - Livestreams playlist sorted.
2025-01-03 12:21:13+0000 [INFO] - 3 new video(s) added.
2025-01-03 12:21:14+0000 [INFO] - 1 video(s) removed.
2025-01-03 12:21:15+0000 [INFO] - Repository Secret 'CREDS_B64' updated successfully.
2025-01-03 12:21:15+0000 [INFO] - Process ended.
2025-01-03 14:09:57+0000 [INFO] - Process started.
2025-01-03 14:09:57+0000 [INFO] - API credentials refreshed.
2025-01-03 14:09:57+0000 [INFO] - YouTube service created successfully.
2025-01-03 14:10:52+0000 [INFO] - No livestream added or removed.
2025-01-03 14:10:55+0000 [INFO] - Livestreams playlist sorted.
2025-01-03 14:11:35+0000 [INFO] - No video added or removed.
2025-01-03 14:11:37+0000 [INFO] - Repository Secret 'CREDS_B64' updated successfully.
2025-01-03 14:11:37+0000 [INFO] - Process ended.
2025-01-03 16:12:47+0000 [INFO] - Process started.
2025-01-03 16:12:47+0000 [INFO] - API credentials refreshed.
2025-01-03 16:12:47+0000 [INFO] - YouTube service created successfully.
2025-01-03 16:13:42+0000 [INFO] - No livestream added or removed.
2025-01-03 16:13:45+0000 [INFO] - Livestreams playlist sorted.
2025-01-03 16:14:37+0000 [INFO] - 1 new video(s) added.
2025-01-03 16:14:38+0000 [INFO] - 4 video(s) removed.
2025-01-03 16:14:39+0000 [INFO] - Repository Secret 'CREDS_B64' updated successfully.
2025-01-03 16:14:39+0000 [INFO] - Process ended.
2025-01-03 18:14:17+0000 [INFO] - Process started.
2025-01-03 18:14:17+0000 [INFO] - API credentials refreshed.
2025-01-03 18:14:17+0000 [INFO] - YouTube service created successfully.
2025-01-03 18:15:10+0000 [INFO] - 1 new livestream(s) added.
2025-01-03 18:15:17+0000 [INFO] - Livestreams playlist sorted.
2025-01-03 18:16:11+0000 [INFO] - 1 new video(s) added.
2025-01-03 18:16:11+0000 [INFO] - 2 video(s) removed.
2025-01-03 18:16:12+0000 [INFO] - Repository Secret 'CREDS_B64' updated successfully.
2025-01-03 18:16:12+0000 [INFO] - Process ended.
2025-01-03 20:11:10+0000 [INFO] - Process started.
2025-01-03 20:11:10+0000 [INFO] - API credentials refreshed.
2025-01-03 20:11:10+0000 [INFO] - YouTube service created successfully.
2025-01-03 20:12:03+0000 [INFO] - 2 new livestream(s) added.
2025-01-03 20:12:03+0000 [INFO] - 1 livestream(s) removed.
2025-01-03 20:12:08+0000 [INFO] - Livestreams playlist sorted.
2025-01-03 20:12:42+0000 [INFO] - 1 new video(s) added.
2025-01-03 20:12:42+0000 [INFO] - 1 video(s) removed.
2025-01-03 20:12:43+0000 [INFO] - Repository Secret 'CREDS_B64' updated successfully.
2025-01-03 20:12:43+0000 [INFO] - Process ended.
2025-01-03 22:09:46+0000 [INFO] - Process started.
2025-01-03 22:09:47+0000 [INFO] - API credentials refreshed.
2025-01-03 22:09:47+0000 [INFO] - YouTube service created successfully.
2025-01-03 22:10:39+0000 [INFO] - 2 livestream(s) removed.
2025-01-03 22:10:43+0000 [INFO] - Livestreams playlist sorted.
2025-01-03 22:11:36+0000 [INFO] - 3 new video(s) added.
2025-01-03 22:11:36+0000 [INFO] - 2 video(s) removed.
2025-01-03 22:11:37+0000 [INFO] - Repository Secret 'CREDS_B64' updated successfully.
2025-01-03 22:11:37+0000 [INFO] - Process ended.
2025-01-04 01:18:42+0000 [INFO] - Process started.
2025-01-04 01:18:42+0000 [INFO] - API credentials refreshed.
2025-01-04 01:18:42+0000 [INFO] - YouTube service created successfully.
2025-01-04 01:19:38+0000 [INFO] - No livestream added or removed.
2025-01-04 01:19:43+0000 [INFO] - Livestreams playlist sorted.
2025-01-04 01:20:32+0000 [INFO] - No video added or removed.
2025-01-04 01:20:33+0000 [INFO] - Repository Secret 'CREDS_B64' updated successfully.
2025-01-04 01:20:33+0000 [INFO] - Process ended.
2025-01-04 12:32:27+0000 [INFO] - Process started.
2025-01-04 12:32:27+0000 [INFO] - API credentials refreshed.
2025-01-04 12:32:27+0000 [INFO] - YouTube service created successfully.
2025-01-04 12:33:18+0000 [INFO] - No livestream added or removed.
2025-01-04 12:33:23+0000 [INFO] - Livestreams playlist sorted.
2025-01-04 12:33:58+0000 [INFO] - 1 new video(s) added.
2025-01-04 12:33:58+0000 [INFO] - 1 video(s) removed.
2025-01-04 12:33:59+0000 [INFO] - Repository Secret 'CREDS_B64' updated successfully.
2025-01-04 12:33:59+0000 [INFO] - Process ended.
2025-01-04 15:16:44+0000 [INFO] - Process started.
2025-01-04 15:16:44+0000 [INFO] - API credentials refreshed.
2025-01-04 15:16:44+0000 [INFO] - YouTube service created successfully.
2025-01-04 15:17:49+0000 [INFO] - No livestream added or removed.
2025-01-04 15:17:59+0000 [INFO] - Livestreams playlist sorted.
2025-01-04 15:18:50+0000 [INFO] - 2 video(s) removed.
2025-01-04 15:18:51+0000 [INFO] - Repository Secret 'CREDS_B64' updated successfully.
2025-01-04 15:18:51+0000 [INFO] - Process ended.
2025-01-04 18:22:30+0000 [INFO] - Process started.
2025-01-04 18:22:30+0000 [INFO] - API credentials refreshed.
2025-01-04 18:22:30+0000 [INFO] - YouTube service created successfully.
2025-01-04 18:23:22+0000 [INFO] - No livestream added or removed.
2025-01-04 18:23:24+0000 [INFO] - Livestreams playlist sorted.
2025-01-04 18:24:01+0000 [INFO] - 2 new video(s) added.
2025-01-04 18:24:02+0000 [INFO] - 5 video(s) removed.
2025-01-04 18:24:03+0000 [INFO] - Repository Secret 'CREDS_B64' updated successfully.
2025-01-04 18:24:03+0000 [INFO] - Process ended.
2025-01-04 21:15:41+0000 [INFO] - Process started.
2025-01-04 21:15:41+0000 [INFO] - API credentials refreshed.
2025-01-04 21:15:41+0000 [INFO] - YouTube service created successfully.
2025-01-04 21:16:30+0000 [INFO] - No livestream added or removed.
2025-01-04 21:16:33+0000 [INFO] - Livestreams playlist sorted.
2025-01-04 21:17:06+0000 [INFO] - No video added or removed.
2025-01-04 21:17:07+0000 [INFO] - Repository Secret 'CREDS_B64' updated successfully.
2025-01-04 21:17:07+0000 [INFO] - Process ended.
2025-01-05 00:50:43+0000 [INFO] - Process started.
2025-01-05 00:50:43+0000 [INFO] - API credentials refreshed.
2025-01-05 00:50:43+0000 [INFO] - YouTube service created successfully.
2025-01-05 00:51:32+0000 [INFO] - No livestream added or removed.
2025-01-05 00:51:35+0000 [INFO] - Livestreams playlist sorted.
2025-01-05 00:52:06+0000 [INFO] - No video added or removed.
2025-01-05 00:52:07+0000 [INFO] - Repository Secret 'CREDS_B64' updated successfully.
2025-01-05 00:52:07+0000 [INFO] - Process ended.
2025-01-05 12:16:27+0000 [INFO] - Process started.
2025-01-05 12:16:27+0000 [INFO] - API credentials refreshed.
2025-01-05 12:16:27+0000 [INFO] - YouTube service created successfully.
2025-01-05 12:17:19+0000 [INFO] - No livestream added or removed.
2025-01-05 12:17:23+0000 [INFO] - Livestreams playlist sorted.
2025-01-05 12:18:01+0000 [INFO] - No video added or removed.
2025-01-05 12:18:02+0000 [INFO] - Repository Secret 'CREDS_B64' updated successfully.
2025-01-05 12:18:02+0000 [INFO] - Process ended.
2025-01-06 00:39:56+0000 [INFO] - Process started.
2025-01-06 00:39:56+0000 [INFO] - API credentials refreshed.
2025-01-06 00:39:56+0000 [INFO] - YouTube service created successfully.
2025-01-06 00:40:49+0000 [INFO] - No livestream added or removed.
2025-01-06 00:40:56+0000 [INFO] - Livestreams playlist sorted.
2025-01-06 00:41:45+0000 [INFO] - 2 video(s) removed.
2025-01-06 00:41:46+0000 [INFO] - Repository Secret 'CREDS_B64' updated successfully.
2025-01-06 00:41:46+0000 [INFO] - Process ended.
2025-01-06 14:08:00+0000 [INFO] - Process started.
2025-01-06 14:08:00+0000 [INFO] - API credentials refreshed.
2025-01-06 14:08:00+0000 [INFO] - YouTube service created successfully.
2025-01-06 14:09:02+0000 [INFO] - No livestream added or removed.
2025-01-06 14:09:10+0000 [INFO] - Livestreams playlist sorted.
2025-01-06 14:10:07+0000 [INFO] - 2 new video(s) added.
2025-01-06 14:10:08+0000 [INFO] - 1 video(s) removed.
2025-01-06 14:10:09+0000 [INFO] - Repository Secret 'CREDS_B64' updated successfully.
2025-01-06 14:10:09+0000 [INFO] - Process ended.
2025-01-06 16:09:30+0000 [INFO] - Process started.
2025-01-06 16:09:30+0000 [INFO] - API credentials refreshed.
2025-01-06 16:09:30+0000 [INFO] - YouTube service created successfully.
2025-01-06 16:10:31+0000 [INFO] - No livestream added or removed.
2025-01-06 16:10:40+0000 [INFO] - Livestreams playlist sorted.
2025-01-06 16:11:34+0000 [INFO] - No video added or removed.
2025-01-06 16:11:36+0000 [INFO] - Repository Secret 'CREDS_B64' updated successfully.
2025-01-06 16:11:36+0000 [INFO] - Process ended.
2025-01-06 18:11:04+0000 [INFO] - Process started.
2025-01-06 18:11:05+0000 [INFO] - API credentials refreshed.
2025-01-06 18:11:05+0000 [INFO] - YouTube service created successfully.
2025-01-06 18:11:56+0000 [INFO] - No livestream added or removed.
2025-01-06 18:11:59+0000 [INFO] - Livestreams playlist sorted.
2025-01-06 18:12:31+0000 [INFO] - 2 video(s) removed.
2025-01-06 18:12:32+0000 [INFO] - Repository Secret 'CREDS_B64' updated successfully.
2025-01-06 18:12:32+0000 [INFO] - Process ended.
2025-01-06 20:07:49+0000 [INFO] - Process started.
2025-01-06 20:07:49+0000 [INFO] - API credentials refreshed.
2025-01-06 20:07:49+0000 [INFO] - YouTube service created successfully.
2025-01-06 20:08:44+0000 [INFO] - No livestream added or removed.
2025-01-06 20:08:48+0000 [INFO] - Livestreams playlist sorted.
2025-01-06 20:09:40+0000 [INFO] - 2 new video(s) added.
2025-01-06 20:09:40+0000 [INFO] - 1 video(s) removed.
2025-01-06 20:09:41+0000 [INFO] - Repository Secret 'CREDS_B64' updated successfully.
2025-01-06 20:09:41+0000 [INFO] - Process ended.
2025-01-06 22:07:50+0000 [INFO] - Process started.
2025-01-06 22:07:50+0000 [INFO] - API credentials refreshed.
2025-01-06 22:07:50+0000 [INFO] - YouTube service created successfully.
2025-01-06 22:08:40+0000 [INFO] - No livestream added or removed.
2025-01-06 22:08:42+0000 [INFO] - Livestreams playlist sorted.
2025-01-06 22:09:16+0000 [INFO] - No video added or removed.
2025-01-06 22:09:17+0000 [INFO] - Repository Secret 'CREDS_B64' updated successfully.
2025-01-06 22:09:17+0000 [INFO] - Process ended.
2025-01-07 01:12:55+0000 [INFO] - Process started.
2025-01-07 01:12:55+0000 [INFO] - API credentials refreshed.
2025-01-07 01:12:55+0000 [INFO] - YouTube service created successfully.
2025-01-07 01:13:47+0000 [INFO] - No livestream added or removed.
2025-01-07 01:13:53+0000 [INFO] - Livestreams playlist sorted.
2025-01-07 01:14:46+0000 [INFO] - No video added or removed.
2025-01-07 01:14:47+0000 [INFO] - Repository Secret 'CREDS_B64' updated successfully.
2025-01-07 01:14:47+0000 [INFO] - Process ended.
2025-01-07 15:22:55+0000 [INFO] - Process started.
2025-01-07 15:22:55+0000 [INFO] - API credentials refreshed.
2025-01-07 15:22:55+0000 [INFO] - YouTube service created successfully.
2025-01-07 15:23:49+0000 [INFO] - No livestream added or removed.
2025-01-07 15:23:54+0000 [INFO] - Livestreams playlist sorted.
2025-01-07 15:24:43+0000 [INFO] - 5 video(s) removed.
2025-01-07 15:24:44+0000 [INFO] - Repository Secret 'CREDS_B64' updated successfully.
2025-01-07 15:24:44+0000 [INFO] - Process ended.
2025-01-07 16:33:15+0000 [INFO] - Process started.
2025-01-07 16:33:15+0000 [INFO] - API credentials refreshed.
2025-01-07 16:33:15+0000 [INFO] - YouTube service created successfully.
2025-01-07 16:34:09+0000 [INFO] - No livestream added or removed.
2025-01-07 16:34:12+0000 [INFO] - Livestreams playlist sorted.
2025-01-07 16:34:58+0000 [INFO] - No video added or removed.
2025-01-07 16:34:59+0000 [INFO] - Repository Secret 'CREDS_B64' updated successfully.
2025-01-07 16:34:59+0000 [INFO] - Process ended.
2025-01-07 18:21:30+0000 [INFO] - Process started.
2025-01-07 18:21:30+0000 [INFO] - API credentials refreshed.
2025-01-07 18:21:30+0000 [INFO] - YouTube service created successfully.
2025-01-07 18:22:21+0000 [INFO] - No livestream added or removed.
2025-01-07 18:22:24+0000 [INFO] - Livestreams playlist sorted.
2025-01-07 18:23:18+0000 [INFO] - 1 video(s) removed.
2025-01-07 18:23:19+0000 [INFO] - Repository Secret 'CREDS_B64' updated successfully.
2025-01-07 18:23:19+0000 [INFO] - Process ended.
2025-01-07 20:16:51+0000 [INFO] - Process started.
2025-01-07 20:16:52+0000 [INFO] - API credentials refreshed.
2025-01-07 20:16:52+0000 [INFO] - YouTube service created successfully.
2025-01-07 20:17:41+0000 [INFO] - No livestream added or removed.
2025-01-07 20:17:48+0000 [INFO] - Livestreams playlist sorted.
2025-01-07 20:18:33+0000 [INFO] - No video added or removed.
2025-01-07 20:18:34+0000 [INFO] - Repository Secret 'CREDS_B64' updated successfully.
2025-01-07 20:18:34+0000 [INFO] - Process ended.
2025-01-07 22:14:47+0000 [INFO] - Process started.
2025-01-07 22:14:47+0000 [INFO] - API credentials refreshed.
2025-01-07 22:14:47+0000 [INFO] - YouTube service created successfully.
2025-01-07 22:15:40+0000 [INFO] - No livestream added or removed.
2025-01-07 22:15:41+0000 [INFO] - Livestreams playlist sorted.
2025-01-07 22:16:18+0000 [INFO] - No video added or removed.
2025-01-07 22:16:19+0000 [INFO] - Repository Secret 'CREDS_B64' updated successfully.
2025-01-07 22:16:19+0000 [INFO] - Process ended.
2025-01-08 00:39:20+0000 [INFO] - Process started.
2025-01-08 00:39:20+0000 [INFO] - API credentials refreshed.
2025-01-08 00:39:20+0000 [INFO] - YouTube service created successfully.
2025-01-08 00:40:10+0000 [INFO] - No livestream added or removed.
2025-01-08 00:40:12+0000 [INFO] - Livestreams playlist sorted.
2025-01-08 00:40:47+0000 [INFO] - No video added or removed.
2025-01-08 00:40:48+0000 [INFO] - Repository Secret 'CREDS_B64' updated successfully.
2025-01-08 00:40:48+0000 [INFO] - Process ended.
2025-01-08 14:08:12+0000 [INFO] - Process started.
2025-01-08 14:08:12+0000 [INFO] - API credentials refreshed.
2025-01-08 14:08:12+0000 [INFO] - YouTube service created successfully.
2025-01-08 14:09:06+0000 [INFO] - No livestream added or removed.
2025-01-08 14:09:11+0000 [INFO] - Livestreams playlist sorted.
2025-01-08 14:10:04+0000 [INFO] - 1 new video(s) added.
2025-01-08 14:10:04+0000 [INFO] - 2 video(s) removed.
2025-01-08 14:10:05+0000 [INFO] - Repository Secret 'CREDS_B64' updated successfully.
2025-01-08 14:10:05+0000 [INFO] - Process ended.
2025-01-08 16:10:01+0000 [INFO] - Process started.
2025-01-08 16:10:01+0000 [INFO] - API credentials refreshed.
2025-01-08 16:10:01+0000 [INFO] - YouTube service created successfully.
2025-01-08 16:11:02+0000 [INFO] - No livestream added or removed.
2025-01-08 16:11:07+0000 [INFO] - Livestreams playlist sorted.
2025-01-08 16:12:01+0000 [INFO] - 2 new video(s) added.
2025-01-08 16:12:02+0000 [INFO] - Repository Secret 'CREDS_B64' updated successfully.
2025-01-08 16:12:02+0000 [INFO] - Process ended.
2025-01-08 18:11:28+0000 [INFO] - Process started.
2025-01-08 18:11:28+0000 [INFO] - API credentials refreshed.
2025-01-08 18:11:28+0000 [INFO] - YouTube service created successfully.
2025-01-08 18:12:19+0000 [INFO] - No livestream added or removed.
2025-01-08 18:12:22+0000 [INFO] - Livestreams playlist sorted.
2025-01-08 18:13:14+0000 [INFO] - 2 new video(s) added.
2025-01-08 18:13:15+0000 [INFO] - 1 video(s) removed.
2025-01-08 18:13:16+0000 [INFO] - Repository Secret 'CREDS_B64' updated successfully.
2025-01-08 18:13:16+0000 [INFO] - Process ended.
2025-01-08 20:09:14+0000 [INFO] - Process started.
2025-01-08 20:09:14+0000 [INFO] - API credentials refreshed.
2025-01-08 20:09:14+0000 [INFO] - YouTube service created successfully.
2025-01-08 20:10:06+0000 [INFO] - No livestream added or removed.
2025-01-08 20:10:08+0000 [INFO] - Livestreams playlist sorted.
2025-01-08 20:10:42+0000 [INFO] - No video added or removed.
2025-01-08 20:10:42+0000 [INFO] - Repository Secret 'CREDS_B64' updated successfully.
2025-01-08 20:10:42+0000 [INFO] - Process ended.
2025-01-08 22:07:48+0000 [INFO] - Process started.
2025-01-08 22:07:48+0000 [INFO] - API credentials refreshed.
2025-01-08 22:07:48+0000 [INFO] - YouTube service created successfully.
2025-01-08 22:08:41+0000 [INFO] - 1 new livestream(s) added.
2025-01-08 22:08:46+0000 [INFO] - Livestreams playlist sorted.
2025-01-08 22:09:38+0000 [INFO] - No video added or removed.
2025-01-08 22:09:39+0000 [INFO] - Repository Secret 'CREDS_B64' updated successfully.
2025-01-08 22:09:39+0000 [INFO] - Process ended.
2025-01-09 02:04:14+0000 [INFO] - Process started.
2025-01-09 02:04:14+0000 [INFO] - API credentials refreshed.
2025-01-09 02:04:14+0000 [INFO] - YouTube service created successfully.
2025-01-09 02:05:05+0000 [INFO] - 1 livestream(s) removed.
2025-01-09 02:05:08+0000 [INFO] - Livestreams playlist sorted.
2025-01-09 02:05:45+0000 [INFO] - No video added or removed.
2025-01-09 02:05:46+0000 [INFO] - Repository Secret 'CREDS_B64' updated successfully.
2025-01-09 02:05:46+0000 [INFO] - Process ended.
2025-01-09 12:39:54+0000 [INFO] - Process started.
2025-01-09 12:39:54+0000 [INFO] - API credentials refreshed.
2025-01-09 12:39:54+0000 [INFO] - YouTube service created successfully.
2025-01-09 12:40:49+0000 [INFO] - 1 new livestream(s) added.
2025-01-09 12:40:49+0000 [INFO] - 1 livestream(s) removed.
2025-01-09 12:40:53+0000 [INFO] - Livestreams playlist sorted.
2025-01-09 12:41:38+0000 [INFO] - 1 new video(s) added.
2025-01-09 12:41:38+0000 [INFO] - 1 video(s) removed.
2025-01-09 12:41:39+0000 [INFO] - Repository Secret 'CREDS_B64' updated successfully.
2025-01-09 12:41:39+0000 [INFO] - Process ended.
2025-01-09 14:18:27+0000 [INFO] - Process started.
2025-01-09 14:18:28+0000 [INFO] - API credentials refreshed.
2025-01-09 14:18:28+0000 [INFO] - YouTube service created successfully.
2025-01-09 14:19:20+0000 [INFO] - No livestream added or removed.
2025-01-09 14:19:28+0000 [INFO] - Livestreams playlist sorted.
2025-01-09 14:20:24+0000 [INFO] - No video added or removed.
2025-01-09 14:20:25+0000 [INFO] - Repository Secret 'CREDS_B64' updated successfully.
2025-01-09 14:20:25+0000 [INFO] - Process ended.
